<?xml version="1.0" encoding="UTF-8"?>
<robot generator="Robot 6.1.1 (Python 3.12.3 on win32)" generated="20241203 11:47:04.544" rpa="false" schemaversion="4">
<suite id="s1" name="Tests" source="C:\Users\asto7\Documents\Jyu\ohtu\osa3\login-robot\src\tests">
<suite id="s1-s1" name="Login" source="C:\Users\asto7\Documents\Jyu\ohtu\osa3\login-robot\src\tests\login.robot">
<test id="s1-s1-t1" name="Login With Correct Credentials" line="6">
<kw name="Create User And Input Login Command" type="SETUP">
<kw name="Create User" library="AppLibrary">
<arg>kalle</arg>
<arg>kalle123154231</arg>
<status status="PASS" starttime="20241203 11:47:04.691" endtime="20241203 11:47:04.691"/>
</kw>
<kw name="Input Login Command" library="resource">
<kw name="Input" library="AppLibrary">
<arg>login</arg>
<status status="PASS" starttime="20241203 11:47:04.691" endtime="20241203 11:47:04.691"/>
</kw>
<status status="PASS" starttime="20241203 11:47:04.691" endtime="20241203 11:47:04.691"/>
</kw>
<status status="PASS" starttime="20241203 11:47:04.691" endtime="20241203 11:47:04.691"/>
</kw>
<kw name="Input Credentials" library="resource">
<arg>kalle</arg>
<arg>kalle123154231</arg>
<kw name="Input" library="AppLibrary">
<arg>${username}</arg>
<status status="PASS" starttime="20241203 11:47:04.691" endtime="20241203 11:47:04.691"/>
</kw>
<kw name="Input" library="AppLibrary">
<arg>${password}</arg>
<status status="PASS" starttime="20241203 11:47:04.691" endtime="20241203 11:47:04.691"/>
</kw>
<kw name="Run Application" library="AppLibrary">
<status status="PASS" starttime="20241203 11:47:04.691" endtime="20241203 11:47:04.691"/>
</kw>
<status status="PASS" starttime="20241203 11:47:04.691" endtime="20241203 11:47:04.691"/>
</kw>
<kw name="Output Should Contain" library="AppLibrary">
<arg>Logged in</arg>
<status status="PASS" starttime="20241203 11:47:04.691" endtime="20241203 11:47:04.691"/>
</kw>
<status status="PASS" starttime="20241203 11:47:04.691" endtime="20241203 11:47:04.691"/>
</test>
<test id="s1-s1-t2" name="Login With Incorrect Password" line="10">
<kw name="Create User And Input Login Command" type="SETUP">
<kw name="Create User" library="AppLibrary">
<arg>kalle</arg>
<arg>kalle123154231</arg>
<status status="PASS" starttime="20241203 11:47:04.691" endtime="20241203 11:47:04.691"/>
</kw>
<kw name="Input Login Command" library="resource">
<kw name="Input" library="AppLibrary">
<arg>login</arg>
<status status="PASS" starttime="20241203 11:47:04.691" endtime="20241203 11:47:04.691"/>
</kw>
<status status="PASS" starttime="20241203 11:47:04.691" endtime="20241203 11:47:04.691"/>
</kw>
<status status="PASS" starttime="20241203 11:47:04.691" endtime="20241203 11:47:04.691"/>
</kw>
<kw name="Input Credentials" library="resource">
<arg>kalle</arg>
<arg>pete5143652654</arg>
<kw name="Input" library="AppLibrary">
<arg>${username}</arg>
<status status="PASS" starttime="20241203 11:47:04.691" endtime="20241203 11:47:04.691"/>
</kw>
<kw name="Input" library="AppLibrary">
<arg>${password}</arg>
<status status="PASS" starttime="20241203 11:47:04.691" endtime="20241203 11:47:04.691"/>
</kw>
<kw name="Run Application" library="AppLibrary">
<status status="PASS" starttime="20241203 11:47:04.691" endtime="20241203 11:47:04.691"/>
</kw>
<status status="PASS" starttime="20241203 11:47:04.691" endtime="20241203 11:47:04.691"/>
</kw>
<kw name="Output Should Contain" library="AppLibrary">
<arg>Invalid username or password</arg>
<status status="PASS" starttime="20241203 11:47:04.691" endtime="20241203 11:47:04.691"/>
</kw>
<status status="PASS" starttime="20241203 11:47:04.691" endtime="20241203 11:47:04.691"/>
</test>
<test id="s1-s1-t3" name="Login With Nonexistent Username" line="14">
<kw name="Create User And Input Login Command" type="SETUP">
<kw name="Create User" library="AppLibrary">
<arg>kalle</arg>
<arg>kalle123154231</arg>
<status status="PASS" starttime="20241203 11:47:04.707" endtime="20241203 11:47:04.707"/>
</kw>
<kw name="Input Login Command" library="resource">
<kw name="Input" library="AppLibrary">
<arg>login</arg>
<status status="PASS" starttime="20241203 11:47:04.707" endtime="20241203 11:47:04.707"/>
</kw>
<status status="PASS" starttime="20241203 11:47:04.707" endtime="20241203 11:47:04.707"/>
</kw>
<status status="PASS" starttime="20241203 11:47:04.707" endtime="20241203 11:47:04.707"/>
</kw>
<kw name="Input Credentials" library="resource">
<arg>\</arg>
<arg>kalle123154231</arg>
<kw name="Input" library="AppLibrary">
<arg>${username}</arg>
<status status="PASS" starttime="20241203 11:47:04.707" endtime="20241203 11:47:04.707"/>
</kw>
<kw name="Input" library="AppLibrary">
<arg>${password}</arg>
<status status="PASS" starttime="20241203 11:47:04.707" endtime="20241203 11:47:04.707"/>
</kw>
<kw name="Run Application" library="AppLibrary">
<status status="PASS" starttime="20241203 11:47:04.707" endtime="20241203 11:47:04.707"/>
</kw>
<status status="PASS" starttime="20241203 11:47:04.707" endtime="20241203 11:47:04.707"/>
</kw>
<kw name="Output Should Contain" library="AppLibrary">
<arg>Username and password are required</arg>
<status status="PASS" starttime="20241203 11:47:04.707" endtime="20241203 11:47:04.707"/>
</kw>
<status status="PASS" starttime="20241203 11:47:04.691" endtime="20241203 11:47:04.707"/>
</test>
<status status="PASS" starttime="20241203 11:47:04.649" endtime="20241203 11:47:04.713"/>
</suite>
<suite id="s1-s2" name="Register" source="C:\Users\asto7\Documents\Jyu\ohtu\osa3\login-robot\src\tests\register.robot">
<test id="s1-s2-t1" name="Register With Valid Username And Password" line="6">
<kw name="Input Newacc Command" library="resource" type="SETUP">
<kw name="Input" library="AppLibrary">
<arg>new</arg>
<status status="PASS" starttime="20241203 11:47:04.713" endtime="20241203 11:47:04.713"/>
</kw>
<status status="PASS" starttime="20241203 11:47:04.713" endtime="20241203 11:47:04.713"/>
</kw>
<kw name="Input Credentials" library="resource">
<arg>pete</arg>
<arg>erareika123</arg>
<kw name="Input" library="AppLibrary">
<arg>${username}</arg>
<status status="PASS" starttime="20241203 11:47:04.713" endtime="20241203 11:47:04.713"/>
</kw>
<kw name="Input" library="AppLibrary">
<arg>${password}</arg>
<status status="PASS" starttime="20241203 11:47:04.713" endtime="20241203 11:47:04.713"/>
</kw>
<kw name="Run Application" library="AppLibrary">
<status status="PASS" starttime="20241203 11:47:04.713" endtime="20241203 11:47:04.729"/>
</kw>
<status status="PASS" starttime="20241203 11:47:04.713" endtime="20241203 11:47:04.729"/>
</kw>
<kw name="Output Should Contain" library="AppLibrary">
<arg>New user registered</arg>
<status status="PASS" starttime="20241203 11:47:04.729" endtime="20241203 11:47:04.729"/>
</kw>
<status status="PASS" starttime="20241203 11:47:04.713" endtime="20241203 11:47:04.729"/>
</test>
<test id="s1-s2-t2" name="Register With Already Taken Username And Valid Password" line="10">
<kw name="Input Newacc Command" library="resource" type="SETUP">
<kw name="Input" library="AppLibrary">
<arg>new</arg>
<status status="PASS" starttime="20241203 11:47:04.729" endtime="20241203 11:47:04.729"/>
</kw>
<status status="PASS" starttime="20241203 11:47:04.729" endtime="20241203 11:47:04.729"/>
</kw>
<kw name="Create User" library="AppLibrary">
<arg>pete</arg>
<arg>paskelli123</arg>
<status status="PASS" starttime="20241203 11:47:04.729" endtime="20241203 11:47:04.729"/>
</kw>
<kw name="Input Credentials" library="resource">
<arg>pete</arg>
<arg>erareika32</arg>
<kw name="Input" library="AppLibrary">
<arg>${username}</arg>
<status status="PASS" starttime="20241203 11:47:04.729" endtime="20241203 11:47:04.729"/>
</kw>
<kw name="Input" library="AppLibrary">
<arg>${password}</arg>
<status status="PASS" starttime="20241203 11:47:04.729" endtime="20241203 11:47:04.729"/>
</kw>
<kw name="Run Application" library="AppLibrary">
<status status="PASS" starttime="20241203 11:47:04.729" endtime="20241203 11:47:04.729"/>
</kw>
<status status="PASS" starttime="20241203 11:47:04.729" endtime="20241203 11:47:04.729"/>
</kw>
<kw name="Output Should Contain" library="AppLibrary">
<arg>User with username pete already exists</arg>
<status status="PASS" starttime="20241203 11:47:04.729" endtime="20241203 11:47:04.729"/>
</kw>
<status status="PASS" starttime="20241203 11:47:04.729" endtime="20241203 11:47:04.729"/>
</test>
<test id="s1-s2-t3" name="Register With Too Short Username And Valid Password" line="15">
<kw name="Input Newacc Command" library="resource" type="SETUP">
<kw name="Input" library="AppLibrary">
<arg>new</arg>
<status status="PASS" starttime="20241203 11:47:04.729" endtime="20241203 11:47:04.729"/>
</kw>
<status status="PASS" starttime="20241203 11:47:04.729" endtime="20241203 11:47:04.729"/>
</kw>
<kw name="Input Credentials" library="resource">
<arg>pe</arg>
<arg>erareika123</arg>
<kw name="Input" library="AppLibrary">
<arg>${username}</arg>
<status status="PASS" starttime="20241203 11:47:04.729" endtime="20241203 11:47:04.729"/>
</kw>
<kw name="Input" library="AppLibrary">
<arg>${password}</arg>
<status status="PASS" starttime="20241203 11:47:04.729" endtime="20241203 11:47:04.729"/>
</kw>
<kw name="Run Application" library="AppLibrary">
<status status="PASS" starttime="20241203 11:47:04.729" endtime="20241203 11:47:04.729"/>
</kw>
<status status="PASS" starttime="20241203 11:47:04.729" endtime="20241203 11:47:04.729"/>
</kw>
<kw name="Output Should Contain" library="AppLibrary">
<arg>New username is too short</arg>
<status status="PASS" starttime="20241203 11:47:04.729" endtime="20241203 11:47:04.729"/>
</kw>
<status status="PASS" starttime="20241203 11:47:04.729" endtime="20241203 11:47:04.729"/>
</test>
<test id="s1-s2-t4" name="Register With Enough Long But Invalid Username And Valid Password" line="19">
<kw name="Input Newacc Command" library="resource" type="SETUP">
<kw name="Input" library="AppLibrary">
<arg>new</arg>
<status status="PASS" starttime="20241203 11:47:04.745" endtime="20241203 11:47:04.745"/>
</kw>
<status status="PASS" starttime="20241203 11:47:04.745" endtime="20241203 11:47:04.745"/>
</kw>
<kw name="Input Credentials" library="resource">
<arg>pete147126973</arg>
<arg>erareika123</arg>
<kw name="Input" library="AppLibrary">
<arg>${username}</arg>
<status status="PASS" starttime="20241203 11:47:04.745" endtime="20241203 11:47:04.745"/>
</kw>
<kw name="Input" library="AppLibrary">
<arg>${password}</arg>
<status status="PASS" starttime="20241203 11:47:04.745" endtime="20241203 11:47:04.745"/>
</kw>
<kw name="Run Application" library="AppLibrary">
<status status="PASS" starttime="20241203 11:47:04.745" endtime="20241203 11:47:04.745"/>
</kw>
<status status="PASS" starttime="20241203 11:47:04.745" endtime="20241203 11:47:04.745"/>
</kw>
<kw name="Output Should Contain" library="AppLibrary">
<arg>New username must only use chars a-z</arg>
<status status="PASS" starttime="20241203 11:47:04.745" endtime="20241203 11:47:04.745"/>
</kw>
<status status="PASS" starttime="20241203 11:47:04.729" endtime="20241203 11:47:04.745"/>
</test>
<test id="s1-s2-t5" name="Register With Valid Username And Too Short Password" line="23">
<kw name="Input Newacc Command" library="resource" type="SETUP">
<kw name="Input" library="AppLibrary">
<arg>new</arg>
<status status="PASS" starttime="20241203 11:47:04.745" endtime="20241203 11:47:04.745"/>
</kw>
<status status="PASS" starttime="20241203 11:47:04.745" endtime="20241203 11:47:04.745"/>
</kw>
<kw name="Input Credentials" library="resource">
<arg>pete</arg>
<arg>era11</arg>
<kw name="Input" library="AppLibrary">
<arg>${username}</arg>
<status status="PASS" starttime="20241203 11:47:04.745" endtime="20241203 11:47:04.745"/>
</kw>
<kw name="Input" library="AppLibrary">
<arg>${password}</arg>
<status status="PASS" starttime="20241203 11:47:04.745" endtime="20241203 11:47:04.745"/>
</kw>
<kw name="Run Application" library="AppLibrary">
<status status="PASS" starttime="20241203 11:47:04.745" endtime="20241203 11:47:04.745"/>
</kw>
<status status="PASS" starttime="20241203 11:47:04.745" endtime="20241203 11:47:04.745"/>
</kw>
<kw name="Output Should Contain" library="AppLibrary">
<arg>New password is too short</arg>
<status status="PASS" starttime="20241203 11:47:04.745" endtime="20241203 11:47:04.745"/>
</kw>
<status status="PASS" starttime="20241203 11:47:04.745" endtime="20241203 11:47:04.745"/>
</test>
<test id="s1-s2-t6" name="Register With Valid Username And Long Enough Password Containing Only Letters" line="27">
<kw name="Input Newacc Command" library="resource" type="SETUP">
<kw name="Input" library="AppLibrary">
<arg>new</arg>
<status status="PASS" starttime="20241203 11:47:04.745" endtime="20241203 11:47:04.745"/>
</kw>
<status status="PASS" starttime="20241203 11:47:04.745" endtime="20241203 11:47:04.745"/>
</kw>
<kw name="Input Credentials" library="resource">
<arg>pete</arg>
<arg>erafjoasfjojdv</arg>
<kw name="Input" library="AppLibrary">
<arg>${username}</arg>
<status status="PASS" starttime="20241203 11:47:04.745" endtime="20241203 11:47:04.745"/>
</kw>
<kw name="Input" library="AppLibrary">
<arg>${password}</arg>
<status status="PASS" starttime="20241203 11:47:04.745" endtime="20241203 11:47:04.745"/>
</kw>
<kw name="Run Application" library="AppLibrary">
<status status="PASS" starttime="20241203 11:47:04.745" endtime="20241203 11:47:04.745"/>
</kw>
<status status="PASS" starttime="20241203 11:47:04.745" endtime="20241203 11:47:04.745"/>
</kw>
<kw name="Output Should Contain" library="AppLibrary">
<arg>New password must also contain numbers</arg>
<status status="PASS" starttime="20241203 11:47:04.745" endtime="20241203 11:47:04.745"/>
</kw>
<status status="PASS" starttime="20241203 11:47:04.745" endtime="20241203 11:47:04.745"/>
</test>
<status status="PASS" starttime="20241203 11:47:04.713" endtime="20241203 11:47:04.745"/>
</suite>
<status status="PASS" starttime="20241203 11:47:04.560" endtime="20241203 11:47:04.760"/>
</suite>
<statistics>
<total>
<stat pass="9" fail="0" skip="0">All Tests</stat>
</total>
<tag>
</tag>
<suite>
<stat pass="9" fail="0" skip="0" id="s1" name="Tests">Tests</stat>
<stat pass="3" fail="0" skip="0" id="s1-s1" name="Login">Tests.Login</stat>
<stat pass="6" fail="0" skip="0" id="s1-s2" name="Register">Tests.Register</stat>
</suite>
</statistics>
<errors>
</errors>
</robot>
